<?xml version="1.0" encoding="utf-8" standalone="no"?>
<!--This file represents the results of running a test suite-->
<test-results name="D:\Program\All - копия\uh365898_db\UnitTests\bin\Debug\UnitTests.dll" total="0" errors="0" failures="0" not-run="0" inconclusive="0" ignored="0" skipped="0" invalid="0" date="2017-06-11" time="12:29:23">
  <environment nunit-version="2.6.3.13283" clr-version="2.0.50727.8669" os-version="Microsoft Windows NT 6.1.7601 Service Pack 1" platform="Win32NT" cwd="C:\Program Files\NUnit 2.6.3\bin" machine-name="COMPHOME-PC" user="CompHomeUser" user-domain="CompHome-PC" />
  <culture-info current-culture="ru-RU" current-uiculture="ru-RU" />
  <test-suite type="Assembly" name="D:\Program\All - копия\uh365898_db\UnitTests\bin\Debug\UnitTests.dll" executed="True" result="Inconclusive" success="False" time="0.005" asserts="0" />
</test-results>